# JRE version: OpenJDK Runtime Environment Temurin-17.0.3+7 (17.0.3+7) (build 17.0.3+7)
# Java VM: OpenJDK 64-Bit Server VM Temurin-17.0.3+7 (17.0.3+7, mixed mode, tiered, compressed oops, compressed class ptrs, parallel gc, windows-amd64)
GC Precious Log:
 CPUs: 12 total, 12 available
 Memory: 20276M
 Large Page Support: Disabled
 NUMA Support: Disabled
 Compressed Oops: Enabled (32-bit)
 Alignments: Space 512K, Generation 512K, Heap 2M
 Heap Min Capacity: 100M
 Heap Initial Capacity: 100M
 Heap Max Capacity: 1G
 Pre-touch: Disabled
 Parallel Workers: 10
Heap:
 PSYoungGen      total 3072K, used 576K [0x00000000eab00000, 0x00000000eaf00000, 0x0000000100000000)
  eden space 2048K, 0% used [0x00000000eab00000,0x00000000eab00000,0x00000000ead00000)
  from space 1024K, 56% used [0x00000000ead00000,0x00000000ead90000,0x00000000eae00000)
  to   space 1024K, 0% used [0x00000000eae00000,0x00000000eae00000,0x00000000eaf00000)
 ParOldGen       total 150528K, used 150160K [0x00000000c0000000, 0x00000000c9300000, 0x00000000eab00000)
  object space 150528K, 99% used [0x00000000c0000000,0x00000000c92a4250,0x00000000c9300000)
 Metaspace       used 75558K, committed 76480K, reserved 1122304K
  class space    used 7743K, committed 8128K, reserved 1048576K
GC Heap History (20 events):
Event: 922.756 GC heap after
{Heap after GC invocations=818 (full 19):
 PSYoungGen      total 2560K, used 496K [0x00000000eab00000, 0x00000000eaf00000, 0x0000000100000000)
  eden space 2048K, 0% used [0x00000000eab00000,0x00000000eab00000,0x00000000ead00000)
  from space 512K, 96% used [0x00000000eae00000,0x00000000eae7c010,0x00000000eae80000)
  to   space 1024K, 0% used [0x00000000ead00000,0x00000000ead00000,0x00000000eae00000)
 ParOldGen       total 150528K, used 147521K [0x00000000c0000000, 0x00000000c9300000, 0x00000000eab00000)
  object space 150528K, 98% used [0x00000000c0000000,0x00000000c9010450,0x00000000c9300000)
 Metaspace       used 75547K, committed 76480K, reserved 1122304K
  class space    used 7743K, committed 8128K, reserved 1048576K
}
Event: 922.764 GC heap before
{Heap before GC invocations=819 (full 19):
 PSYoungGen      total 2560K, used 2544K [0x00000000eab00000, 0x00000000eaf00000, 0x0000000100000000)
  eden space 2048K, 100% used [0x00000000eab00000,0x00000000ead00000,0x00000000ead00000)
  from space 512K, 96% used [0x00000000eae00000,0x00000000eae7c010,0x00000000eae80000)
  to   space 1024K, 0% used [0x00000000ead00000,0x00000000ead00000,0x00000000eae00000)
 ParOldGen       total 150528K, used 147521K [0x00000000c0000000, 0x00000000c9300000, 0x00000000eab00000)
  object space 150528K, 98% used [0x00000000c0000000,0x00000000c9010450,0x00000000c9300000)
 Metaspace       used 75548K, committed 76480K, reserved 1122304K
  class space    used 7743K, committed 8128K, reserved 1048576K
}
Event: 922.766 GC heap after
{Heap after GC invocations=819 (full 19):
 PSYoungGen      total 3072K, used 640K [0x00000000eab00000, 0x00000000eaf00000, 0x0000000100000000)
  eden space 2048K, 0% used [0x00000000eab00000,0x00000000eab00000,0x00000000ead00000)
  from space 1024K, 62% used [0x00000000ead00000,0x00000000eada0000,0x00000000eae00000)
  to   space 1024K, 0% used [0x00000000eae00000,0x00000000eae00000,0x00000000eaf00000)
 ParOldGen       total 150528K, used 147697K [0x00000000c0000000, 0x00000000c9300000, 0x00000000eab00000)
  object space 150528K, 98% used [0x00000000c0000000,0x00000000c903c450,0x00000000c9300000)
 Metaspace       used 75548K, committed 76480K, reserved 1122304K
  class space    used 7743K, committed 8128K, reserved 1048576K
}
Event: 923.049 GC heap before
{Heap before GC invocations=820 (full 19):
 PSYoungGen      total 3072K, used 2688K [0x00000000eab00000, 0x00000000eaf00000, 0x0000000100000000)
  eden space 2048K, 100% used [0x00000000eab00000,0x00000000ead00000,0x00000000ead00000)
  from space 1024K, 62% used [0x00000000ead00000,0x00000000eada0000,0x00000000eae00000)
  to   space 1024K, 0% used [0x00000000eae00000,0x00000000eae00000,0x00000000eaf00000)
 ParOldGen       total 150528K, used 147697K [0x00000000c0000000, 0x00000000c9300000, 0x00000000eab00000)
  object space 150528K, 98% used [0x00000000c0000000,0x00000000c903c450,0x00000000c9300000)
 Metaspace       used 75549K, committed 76480K, reserved 1122304K
  class space    used 7743K, committed 8128K, reserved 1048576K
}
Event: 923.050 GC heap after
{Heap after GC invocations=820 (full 19):
 PSYoungGen      total 3072K, used 592K [0x00000000eab00000, 0x00000000eaf00000, 0x0000000100000000)
  eden space 2048K, 0% used [0x00000000eab00000,0x00000000eab00000,0x00000000ead00000)
  from space 1024K, 57% used [0x00000000eae00000,0x00000000eae94010,0x00000000eaf00000)
  to   space 1024K, 0% used [0x00000000ead00000,0x00000000ead00000,0x00000000eae00000)
 ParOldGen       total 150528K, used 147721K [0x00000000c0000000, 0x00000000c9300000, 0x00000000eab00000)
  object space 150528K, 98% used [0x00000000c0000000,0x00000000c9042450,0x00000000c9300000)
 Metaspace       used 75549K, committed 76480K, reserved 1122304K
  class space    used 7743K, committed 8128K, reserved 1048576K
}
Event: 923.116 GC heap before
{Heap before GC invocations=821 (full 19):
 PSYoungGen      total 3072K, used 2640K [0x00000000eab00000, 0x00000000eaf00000, 0x0000000100000000)
  eden space 2048K, 100% used [0x00000000eab00000,0x00000000ead00000,0x00000000ead00000)
  from space 1024K, 57% used [0x00000000eae00000,0x00000000eae94010,0x00000000eaf00000)
  to   space 1024K, 0% used [0x00000000ead00000,0x00000000ead00000,0x00000000eae00000)
 ParOldGen       total 150528K, used 147721K [0x00000000c0000000, 0x00000000c9300000, 0x00000000eab00000)
  object space 150528K, 98% used [0x00000000c0000000,0x00000000c9042450,0x00000000c9300000)
 Metaspace       used 75549K, committed 76480K, reserved 1122304K
  class space    used 7743K, committed 8128K, reserved 1048576K
}
Event: 923.117 GC heap after
{Heap after GC invocations=821 (full 19):
 PSYoungGen      total 3072K, used 448K [0x00000000eab00000, 0x00000000eae80000, 0x0000000100000000)
  eden space 2048K, 0% used [0x00000000eab00000,0x00000000eab00000,0x00000000ead00000)
  from space 1024K, 43% used [0x00000000ead00000,0x00000000ead70000,0x00000000eae00000)
  to   space 512K, 0% used [0x00000000eae00000,0x00000000eae00000,0x00000000eae80000)
 ParOldGen       total 150528K, used 148142K [0x00000000c0000000, 0x00000000c9300000, 0x00000000eab00000)
  object space 150528K, 98% used [0x00000000c0000000,0x00000000c90ab8f0,0x00000000c9300000)
 Metaspace       used 75549K, committed 76480K, reserved 1122304K
  class space    used 7743K, committed 8128K, reserved 1048576K
}
Event: 923.169 GC heap before
{Heap before GC invocations=822 (full 19):
 PSYoungGen      total 3072K, used 2496K [0x00000000eab00000, 0x00000000eae80000, 0x0000000100000000)
  eden space 2048K, 100% used [0x00000000eab00000,0x00000000ead00000,0x00000000ead00000)
  from space 1024K, 43% used [0x00000000ead00000,0x00000000ead70000,0x00000000eae00000)
  to   space 512K, 0% used [0x00000000eae00000,0x00000000eae00000,0x00000000eae80000)
 ParOldGen       total 150528K, used 148142K [0x00000000c0000000, 0x00000000c9300000, 0x00000000eab00000)
  object space 150528K, 98% used [0x00000000c0000000,0x00000000c90ab8f0,0x00000000c9300000)
 Metaspace       used 75550K, committed 76480K, reserved 1122304K
  class space    used 7743K, committed 8128K, reserved 1048576K
}
Event: 923.170 GC heap after
{Heap after GC invocations=822 (full 19):
 PSYoungGen      total 2560K, used 464K [0x00000000eab00000, 0x00000000eae80000, 0x0000000100000000)
  eden space 2048K, 0% used [0x00000000eab00000,0x00000000eab00000,0x00000000ead00000)
  from space 512K, 90% used [0x00000000eae00000,0x00000000eae74010,0x00000000eae80000)
  to   space 512K, 0% used [0x00000000ead80000,0x00000000ead80000,0x00000000eae00000)
 ParOldGen       total 150528K, used 148334K [0x00000000c0000000, 0x00000000c9300000, 0x00000000eab00000)
  object space 150528K, 98% used [0x00000000c0000000,0x00000000c90db8f0,0x00000000c9300000)
 Metaspace       used 75550K, committed 76480K, reserved 1122304K
  class space    used 7743K, committed 8128K, reserved 1048576K
}
Event: 923.175 GC heap before
{Heap before GC invocations=823 (full 19):
 PSYoungGen      total 2560K, used 2512K [0x00000000eab00000, 0x00000000eae80000, 0x0000000100000000)
  eden space 2048K, 100% used [0x00000000eab00000,0x00000000ead00000,0x00000000ead00000)
  from space 512K, 90% used [0x00000000eae00000,0x00000000eae74010,0x00000000eae80000)
  to   space 512K, 0% used [0x00000000ead80000,0x00000000ead80000,0x00000000eae00000)
 ParOldGen       total 150528K, used 148334K [0x00000000c0000000, 0x00000000c9300000, 0x00000000eab00000)
  object space 150528K, 98% used [0x00000000c0000000,0x00000000c90db8f0,0x00000000c9300000)
 Metaspace       used 75550K, committed 76480K, reserved 1122304K
  class space    used 7743K, committed 8128K, reserved 1048576K
}
Event: 923.176 GC heap after
{Heap after GC invocations=823 (full 19):
 PSYoungGen      total 2560K, used 496K [0x00000000eab00000, 0x00000000eb000000, 0x0000000100000000)
  eden space 2048K, 0% used [0x00000000eab00000,0x00000000eab00000,0x00000000ead00000)
  from space 512K, 96% used [0x00000000ead80000,0x00000000eadfc010,0x00000000eae00000)
  to   space 1536K, 0% used [0x00000000eae80000,0x00000000eae80000,0x00000000eb000000)
 ParOldGen       total 150528K, used 148859K [0x00000000c0000000, 0x00000000c9300000, 0x00000000eab00000)
  object space 150528K, 98% used [0x00000000c0000000,0x00000000c915ed90,0x00000000c9300000)
 Metaspace       used 75550K, committed 76480K, reserved 1122304K
  class space    used 7743K, committed 8128K, reserved 1048576K
}
Event: 923.369 GC heap before
{Heap before GC invocations=824 (full 19):
 PSYoungGen      total 2560K, used 2544K [0x00000000eab00000, 0x00000000eb000000, 0x0000000100000000)
  eden space 2048K, 100% used [0x00000000eab00000,0x00000000ead00000,0x00000000ead00000)
  from space 512K, 96% used [0x00000000ead80000,0x00000000eadfc010,0x00000000eae00000)
  to   space 1536K, 0% used [0x00000000eae80000,0x00000000eae80000,0x00000000eb000000)
 ParOldGen       total 150528K, used 148859K [0x00000000c0000000, 0x00000000c9300000, 0x00000000eab00000)
  object space 150528K, 98% used [0x00000000c0000000,0x00000000c915ed90,0x00000000c9300000)
 Metaspace       used 75552K, committed 76480K, reserved 1122304K
  class space    used 7743K, committed 8128K, reserved 1048576K
}
Event: 923.370 GC heap after
{Heap after GC invocations=824 (full 19):
 PSYoungGen      total 2560K, used 416K [0x00000000eab00000, 0x00000000eaf00000, 0x0000000100000000)
  eden space 2048K, 0% used [0x00000000eab00000,0x00000000eab00000,0x00000000ead00000)
  from space 512K, 81% used [0x00000000eae80000,0x00000000eaee8000,0x00000000eaf00000)
  to   space 1024K, 0% used [0x00000000ead00000,0x00000000ead00000,0x00000000eae00000)
 ParOldGen       total 150528K, used 149393K [0x00000000c0000000, 0x00000000c9300000, 0x00000000eab00000)
  object space 150528K, 99% used [0x00000000c0000000,0x00000000c91e47f0,0x00000000c9300000)
 Metaspace       used 75552K, committed 76480K, reserved 1122304K
  class space    used 7743K, committed 8128K, reserved 1048576K
}
Event: 923.485 GC heap before
{Heap before GC invocations=825 (full 19):
 PSYoungGen      total 2560K, used 2464K [0x00000000eab00000, 0x00000000eaf00000, 0x0000000100000000)
  eden space 2048K, 100% used [0x00000000eab00000,0x00000000ead00000,0x00000000ead00000)
  from space 512K, 81% used [0x00000000eae80000,0x00000000eaee8000,0x00000000eaf00000)
  to   space 1024K, 0% used [0x00000000ead00000,0x00000000ead00000,0x00000000eae00000)
 ParOldGen       total 150528K, used 149393K [0x00000000c0000000, 0x00000000c9300000, 0x00000000eab00000)
  object space 150528K, 99% used [0x00000000c0000000,0x00000000c91e47f0,0x00000000c9300000)
 Metaspace       used 75555K, committed 76480K, reserved 1122304K
  class space    used 7743K, committed 8128K, reserved 1048576K
}
Event: 923.487 GC heap after
{Heap after GC invocations=825 (full 19):
 PSYoungGen      total 3072K, used 128K [0x00000000eab00000, 0x00000000eaf00000, 0x0000000100000000)
  eden space 2048K, 0% used [0x00000000eab00000,0x00000000eab00000,0x00000000ead00000)
  from space 1024K, 12% used [0x00000000ead00000,0x00000000ead20000,0x00000000eae00000)
  to   space 512K, 0% used [0x00000000eae80000,0x00000000eae80000,0x00000000eaf00000)
 ParOldGen       total 150528K, used 149505K [0x00000000c0000000, 0x00000000c9300000, 0x00000000eab00000)
  object space 150528K, 99% used [0x00000000c0000000,0x00000000c92007f0,0x00000000c9300000)
 Metaspace       used 75555K, committed 76480K, reserved 1122304K
  class space    used 7743K, committed 8128K, reserved 1048576K
}
Event: 923.826 GC heap before
{Heap before GC invocations=826 (full 19):
 PSYoungGen      total 3072K, used 2176K [0x00000000eab00000, 0x00000000eaf00000, 0x0000000100000000)
  eden space 2048K, 100% used [0x00000000eab00000,0x00000000ead00000,0x00000000ead00000)
  from space 1024K, 12% used [0x00000000ead00000,0x00000000ead20000,0x00000000eae00000)
  to   space 512K, 0% used [0x00000000eae80000,0x00000000eae80000,0x00000000eaf00000)
 ParOldGen       total 150528K, used 149505K [0x00000000c0000000, 0x00000000c9300000, 0x00000000eab00000)
  object space 150528K, 99% used [0x00000000c0000000,0x00000000c92007f0,0x00000000c9300000)
 Metaspace       used 75558K, committed 76480K, reserved 1122304K
  class space    used 7743K, committed 8128K, reserved 1048576K
}
Event: 923.827 GC heap after
{Heap after GC invocations=826 (full 19):
 PSYoungGen      total 2560K, used 512K [0x00000000eab00000, 0x00000000eaf00000, 0x0000000100000000)
  eden space 2048K, 0% used [0x00000000eab00000,0x00000000eab00000,0x00000000ead00000)
  from space 512K, 100% used [0x00000000eae80000,0x00000000eaf00000,0x00000000eaf00000)
  to   space 1024K, 0% used [0x00000000ead00000,0x00000000ead00000,0x00000000eae00000)
 ParOldGen       total 150528K, used 149658K [0x00000000c0000000, 0x00000000c9300000, 0x00000000eab00000)
  object space 150528K, 99% used [0x00000000c0000000,0x00000000c9226810,0x00000000c9300000)
 Metaspace       used 75558K, committed 76480K, reserved 1122304K
  class space    used 7743K, committed 8128K, reserved 1048576K
}
Event: 923.833 GC heap before
{Heap before GC invocations=827 (full 19):
 PSYoungGen      total 2560K, used 2560K [0x00000000eab00000, 0x00000000eaf00000, 0x0000000100000000)
  eden space 2048K, 100% used [0x00000000eab00000,0x00000000ead00000,0x00000000ead00000)
  from space 512K, 100% used [0x00000000eae80000,0x00000000eaf00000,0x00000000eaf00000)
  to   space 1024K, 0% used [0x00000000ead00000,0x00000000ead00000,0x00000000eae00000)
 ParOldGen       total 150528K, used 149658K [0x00000000c0000000, 0x00000000c9300000, 0x00000000eab00000)
  object space 150528K, 99% used [0x00000000c0000000,0x00000000c9226810,0x00000000c9300000)
 Metaspace       used 75558K, committed 76480K, reserved 1122304K
  class space    used 7743K, committed 8128K, reserved 1048576K
}
Event: 923.834 GC heap after
{Heap after GC invocations=827 (full 19):
 PSYoungGen      total 3072K, used 576K [0x00000000eab00000, 0x00000000eaf00000, 0x0000000100000000)
  eden space 2048K, 0% used [0x00000000eab00000,0x00000000eab00000,0x00000000ead00000)
  from space 1024K, 56% used [0x00000000ead00000,0x00000000ead90000,0x00000000eae00000)
  to   space 1024K, 0% used [0x00000000eae00000,0x00000000eae00000,0x00000000eaf00000)
 ParOldGen       total 150528K, used 150160K [0x00000000c0000000, 0x00000000c9300000, 0x00000000eab00000)
  object space 150528K, 99% used [0x00000000c0000000,0x00000000c92a4250,0x00000000c9300000)
 Metaspace       used 75558K, committed 76480K, reserved 1122304K
  class space    used 7743K, committed 8128K, reserved 1048576K
}
Event: 923.834 GC heap before
{Heap before GC invocations=828 (full 20):
 PSYoungGen      total 3072K, used 576K [0x00000000eab00000, 0x00000000eaf00000, 0x0000000100000000)
  eden space 2048K, 0% used [0x00000000eab00000,0x00000000eab00000,0x00000000ead00000)
  from space 1024K, 56% used [0x00000000ead00000,0x00000000ead90000,0x00000000eae00000)
  to   space 1024K, 0% used [0x00000000eae00000,0x00000000eae00000,0x00000000eaf00000)
 ParOldGen       total 150528K, used 150160K [0x00000000c0000000, 0x00000000c9300000, 0x00000000eab00000)
  object space 150528K, 99% used [0x00000000c0000000,0x00000000c92a4250,0x00000000c9300000)
 Metaspace       used 75558K, committed 76480K, reserved 1122304K
  class space    used 7743K, committed 8128K, reserved 1048576K
}

